<?xml version="1.0" encoding="UTF-8"?>
<!-- Generated by org.testng.reporters.JUnitXMLReporter -->
<testsuite ignored="0" hostname="LAPTOP-IFRBPTMB" failures="0" tests="2" name="addUserPageTest" time="79.438" errors="0" timestamp="2024-09-13T00:41:21 IST">
  <testcase classname="testscript.AddUserPageTest" name="verify_add_user" time="20.834"/>
  <testcase classname="testscript.AddUserPageTest" name="verify_userLogin_withNewly_Added_user" time="24.57"/>
</testsuite> <!-- addUserPageTest -->
