<?xml version="1.0" encoding="UTF-8"?>
<!-- Generated by org.testng.reporters.JUnitXMLReporter -->
<testsuite ignored="0" hostname="LAPTOP-IFRBPTMB" failures="1" tests="1" name="homePageTest" time="12.978" errors="0" timestamp="2024-09-13T00:40:02 IST">
  <testcase classname="testscript.HomePageTest" name="dateexamine" time="1.383">
    <failure type="java.lang.RuntimeException" message="Exelsheet not found">
      <![CDATA[java.lang.RuntimeException: Exelsheet not found
at utilties.ExcelUtilityQ.get_String_Data(ExcelUtilityQ.java:37)
at testscript.HomePageTest.dateexamine(HomePageTest.java:19)
at java.base/java.util.ArrayList.forEach(ArrayList.java:1511)
... Removed 27 stack frames]]>
    </failure>
  </testcase> <!-- dateexamine -->
</testsuite> <!-- homePageTest -->
