<?xml version="1.0" encoding="UTF-8"?>
<!-- Generated by org.testng.reporters.JUnitXMLReporter -->
<testsuite ignored="1" hostname="LAPTOP-IFRBPTMB" failures="0" tests="1" name="loginPageTest" time="28.092" errors="0" timestamp="2024-09-13T14:54:50 IST">
  <testcase classname="testscript.LoginPageTest" name="user_login_with_validcredentials" time="7.895"/>
  <testcase classname="testscript.LoginPageTest" name="verify_errormsg_whileLogIn_with_InvalidCredentials" time="0.0">
    <ignored/>
  </testcase> <!-- verify_errormsg_whileLogIn_with_InvalidCredentials -->
</testsuite> <!-- loginPageTest -->
