<?xml version="1.0" encoding="UTF-8"?>
<!-- Generated by org.testng.reporters.JUnitXMLReporter -->
<testsuite ignored="0" hostname="LAPTOP-IFRBPTMB" failures="0" tests="2" name="resetPageTest" time="39.896" errors="0" timestamp="2024-09-13T00:42:01 IST">
  <testcase classname="testscript.ResetPageTest" name="verify_error_msg_with_invalidemail" time="4.898"/>
  <testcase classname="testscript.ResetPageTest" name="verify_error_msg_with_validemail" time="4.756"/>
</testsuite> <!-- resetPageTest -->
