<?xml version="1.0" encoding="UTF-8"?>
<!-- Generated by org.testng.reporters.JUnitXMLReporter -->
<testsuite ignored="1" hostname="LAPTOP-IFRBPTMB" failures="0" tests="1" name="Test" time="20.999" errors="0" timestamp="2024-09-13T00:44:04 IST">
  <testcase classname="testscript.LoginPageTest" name="user_login_with_validcredentials" time="8.291"/>
  <testcase classname="testscript.LoginPageTest" name="verify_errormsg_whileLogIn_with_InvalidCredentials" time="0.0">
    <ignored/>
  </testcase> <!-- verify_errormsg_whileLogIn_with_InvalidCredentials -->
</testsuite> <!-- Test -->
